{"contracts/basicNft.sol":{"l":{"12":3,"16":14,"17":14,"23":0,"27":0,"31":0},"path":"/home/pratyush-ranjan/Documents/extra-carricular/blockchain/nft-maket-place/contracts/basicNft.sol","s":{"1":14,"2":0,"3":0,"4":0},"b":{"1":[0,0]},"f":{"1":3,"2":14,"3":0,"4":0},"fnMap":{"1":{"name":"constructor","line":11,"loc":{"start":{"line":11,"column":2},"end":{"line":13,"column":2}}},"2":{"name":"mintNft","line":15,"loc":{"start":{"line":15,"column":2},"end":{"line":18,"column":2}}},"3":{"name":"tokenURI","line":20,"loc":{"start":{"line":20,"column":2},"end":{"line":28,"column":2}}},"4":{"name":"getTokenCounter","line":30,"loc":{"start":{"line":30,"column":2},"end":{"line":32,"column":2}}}},"statementMap":{"1":{"start":{"line":16,"column":4},"end":{"line":16,"column":40}},"2":{"start":{"line":23,"column":4},"end":{"line":23,"column":603}},"3":{"start":{"line":27,"column":4},"end":{"line":27,"column":20}},"4":{"start":{"line":31,"column":4},"end":{"line":31,"column":25}}},"branchMap":{"1":{"line":23,"type":"if","locations":[{"start":{"line":23,"column":4},"end":{"line":23,"column":4}},{"start":{"line":23,"column":4},"end":{"line":23,"column":4}}]}}},"contracts/basicNft2.sol":{"l":{"12":3,"16":14,"17":14,"23":0,"27":0,"31":0},"path":"/home/pratyush-ranjan/Documents/extra-carricular/blockchain/nft-maket-place/contracts/basicNft2.sol","s":{"1":14,"2":0,"3":0,"4":0},"b":{"1":[0,0]},"f":{"1":3,"2":14,"3":0,"4":0},"fnMap":{"1":{"name":"constructor","line":11,"loc":{"start":{"line":11,"column":2},"end":{"line":13,"column":2}}},"2":{"name":"mintNft","line":15,"loc":{"start":{"line":15,"column":2},"end":{"line":18,"column":2}}},"3":{"name":"tokenURI","line":20,"loc":{"start":{"line":20,"column":2},"end":{"line":28,"column":2}}},"4":{"name":"getTokenCounter","line":30,"loc":{"start":{"line":30,"column":2},"end":{"line":32,"column":2}}}},"statementMap":{"1":{"start":{"line":16,"column":4},"end":{"line":16,"column":40}},"2":{"start":{"line":23,"column":4},"end":{"line":23,"column":615}},"3":{"start":{"line":27,"column":4},"end":{"line":27,"column":20}},"4":{"start":{"line":31,"column":4},"end":{"line":31,"column":25}}},"branchMap":{"1":{"line":23,"type":"if","locations":[{"start":{"line":23,"column":4},"end":{"line":23,"column":4}},{"start":{"line":23,"column":4},"end":{"line":23,"column":4}}]}}},"contracts/mrketPlace.sol":{"l":{"50":13,"51":13,"52":1,"54":12,"61":16,"62":16,"63":16,"64":1,"66":15,"69":9,"70":9,"71":1,"73":8,"97":11,"98":1,"100":10,"101":10,"103":1,"105":9,"106":9,"113":4,"114":4,"115":1,"121":3,"122":3,"123":3,"128":3,"139":1,"140":1,"152":3,"153":3,"157":2,"158":2,"159":1,"161":1,"162":1,"163":1,"164":0,"180":1,"184":3},"path":"/home/pratyush-ranjan/Documents/extra-carricular/blockchain/nft-maket-place/contracts/mrketPlace.sol","s":{"1":13,"2":13,"3":16,"4":16,"5":16,"6":9,"7":9,"8":11,"9":10,"10":10,"11":9,"12":4,"13":4,"14":3,"15":3,"16":1,"17":3,"18":2,"19":2,"20":1,"21":1,"22":1,"23":3},"b":{"1":[1,12],"2":[1,15],"3":[1,8],"4":[12,1],"5":[11,1],"6":[1,10],"7":[1,9],"8":[4,1],"9":[1,3],"10":[1,0],"11":[1,0],"12":[3,0],"13":[3,0],"14":[1,1],"15":[0,1]},"f":{"1":13,"2":16,"3":9,"4":11,"5":4,"6":1,"7":3,"8":2,"9":1,"10":3},"fnMap":{"1":{"name":"notListed","line":45,"loc":{"start":{"line":45,"column":2},"end":{"line":55,"column":2}}},"2":{"name":"isOwner","line":56,"loc":{"start":{"line":56,"column":2},"end":{"line":67,"column":2}}},"3":{"name":"isListed","line":68,"loc":{"start":{"line":68,"column":2},"end":{"line":74,"column":2}}},"4":{"name":"listItem","line":95,"loc":{"start":{"line":88,"column":2},"end":{"line":107,"column":2}}},"5":{"name":"buyItem","line":112,"loc":{"start":{"line":109,"column":2},"end":{"line":129,"column":2}}},"6":{"name":"cancelItem","line":137,"loc":{"start":{"line":131,"column":2},"end":{"line":141,"column":2}}},"7":{"name":"updateItem","line":150,"loc":{"start":{"line":143,"column":2},"end":{"line":154,"column":2}}},"8":{"name":"withdrawProceed","line":156,"loc":{"start":{"line":156,"column":2},"end":{"line":166,"column":2}}},"9":{"name":"getListing","line":176,"loc":{"start":{"line":176,"column":2},"end":{"line":181,"column":2}}},"10":{"name":"getProceed","line":183,"loc":{"start":{"line":183,"column":2},"end":{"line":185,"column":2}}}},"statementMap":{"1":{"start":{"line":50,"column":4},"end":{"line":50,"column":60}},"2":{"start":{"line":51,"column":4},"end":{"line":51,"column":1407}},"3":{"start":{"line":61,"column":4},"end":{"line":61,"column":37}},"4":{"start":{"line":62,"column":4},"end":{"line":62,"column":40}},"5":{"start":{"line":63,"column":4},"end":{"line":63,"column":1690}},"6":{"start":{"line":69,"column":4},"end":{"line":69,"column":60}},"7":{"start":{"line":70,"column":4},"end":{"line":70,"column":1897}},"8":{"start":{"line":97,"column":4},"end":{"line":97,"column":2589}},"9":{"start":{"line":100,"column":4},"end":{"line":100,"column":37}},"10":{"start":{"line":101,"column":4},"end":{"line":101,"column":2704}},"11":{"start":{"line":106,"column":4},"end":{"line":106,"column":59}},"12":{"start":{"line":113,"column":4},"end":{"line":113,"column":63}},"13":{"start":{"line":114,"column":4},"end":{"line":114,"column":3143}},"14":{"start":{"line":123,"column":4},"end":{"line":123,"column":3428}},"15":{"start":{"line":128,"column":4},"end":{"line":128,"column":70}},"16":{"start":{"line":140,"column":4},"end":{"line":140,"column":54}},"17":{"start":{"line":153,"column":4},"end":{"line":153,"column":62}},"18":{"start":{"line":157,"column":4},"end":{"line":157,"column":43}},"19":{"start":{"line":158,"column":4},"end":{"line":158,"column":4282}},"20":{"start":{"line":162,"column":4},"end":{"line":162,"column":69}},"21":{"start":{"line":163,"column":4},"end":{"line":163,"column":4460}},"22":{"start":{"line":180,"column":4},"end":{"line":180,"column":42}},"23":{"start":{"line":184,"column":4},"end":{"line":184,"column":28}}},"branchMap":{"1":{"line":51,"type":"if","locations":[{"start":{"line":51,"column":4},"end":{"line":51,"column":4}},{"start":{"line":51,"column":4},"end":{"line":51,"column":4}}]},"2":{"line":63,"type":"if","locations":[{"start":{"line":63,"column":4},"end":{"line":63,"column":4}},{"start":{"line":63,"column":4},"end":{"line":63,"column":4}}]},"3":{"line":70,"type":"if","locations":[{"start":{"line":70,"column":4},"end":{"line":70,"column":4}},{"start":{"line":70,"column":4},"end":{"line":70,"column":4}}]},"4":{"line":94,"type":"if","locations":[{"start":{"line":94,"column":4},"end":{"line":94,"column":4}},{"start":{"line":94,"column":4},"end":{"line":94,"column":4}}]},"5":{"line":95,"type":"if","locations":[{"start":{"line":95,"column":4},"end":{"line":95,"column":4}},{"start":{"line":95,"column":4},"end":{"line":95,"column":4}}]},"6":{"line":97,"type":"if","locations":[{"start":{"line":97,"column":4},"end":{"line":97,"column":4}},{"start":{"line":97,"column":4},"end":{"line":97,"column":4}}]},"7":{"line":101,"type":"if","locations":[{"start":{"line":101,"column":4},"end":{"line":101,"column":4}},{"start":{"line":101,"column":4},"end":{"line":101,"column":4}}]},"8":{"line":112,"type":"if","locations":[{"start":{"line":112,"column":21},"end":{"line":112,"column":21}},{"start":{"line":112,"column":21},"end":{"line":112,"column":21}}]},"9":{"line":114,"type":"if","locations":[{"start":{"line":114,"column":4},"end":{"line":114,"column":4}},{"start":{"line":114,"column":4},"end":{"line":114,"column":4}}]},"10":{"line":136,"type":"if","locations":[{"start":{"line":136,"column":4},"end":{"line":136,"column":4}},{"start":{"line":136,"column":4},"end":{"line":136,"column":4}}]},"11":{"line":137,"type":"if","locations":[{"start":{"line":137,"column":4},"end":{"line":137,"column":4}},{"start":{"line":137,"column":4},"end":{"line":137,"column":4}}]},"12":{"line":149,"type":"if","locations":[{"start":{"line":149,"column":4},"end":{"line":149,"column":4}},{"start":{"line":149,"column":4},"end":{"line":149,"column":4}}]},"13":{"line":150,"type":"if","locations":[{"start":{"line":150,"column":4},"end":{"line":150,"column":4}},{"start":{"line":150,"column":4},"end":{"line":150,"column":4}}]},"14":{"line":158,"type":"if","locations":[{"start":{"line":158,"column":4},"end":{"line":158,"column":4}},{"start":{"line":158,"column":4},"end":{"line":158,"column":4}}]},"15":{"line":163,"type":"if","locations":[{"start":{"line":163,"column":4},"end":{"line":163,"column":4}},{"start":{"line":163,"column":4},"end":{"line":163,"column":4}}]}}}}