TN:
SF:/home/pratyush-ranjan/Documents/extra-carricular/blockchain/nft-maket-place/contracts/basicNft.sol
FN:11,constructor
FN:15,mintNft
FN:20,tokenURI
FN:30,getTokenCounter
FNF:4
FNH:2
FNDA:3,constructor
FNDA:14,mintNft
FNDA:0,tokenURI
FNDA:0,getTokenCounter
DA:12,3
DA:16,14
DA:17,14
DA:23,0
DA:27,0
DA:31,0
LF:6
LH:3
BRDA:23,1,0,0
BRDA:23,1,1,0
BRF:2
BRH:0
end_of_record
TN:
SF:/home/pratyush-ranjan/Documents/extra-carricular/blockchain/nft-maket-place/contracts/basicNft2.sol
FN:11,constructor
FN:15,mintNft
FN:20,tokenURI
FN:30,getTokenCounter
FNF:4
FNH:2
FNDA:3,constructor
FNDA:14,mintNft
FNDA:0,tokenURI
FNDA:0,getTokenCounter
DA:12,3
DA:16,14
DA:17,14
DA:23,0
DA:27,0
DA:31,0
LF:6
LH:3
BRDA:23,1,0,0
BRDA:23,1,1,0
BRF:2
BRH:0
end_of_record
TN:
SF:/home/pratyush-ranjan/Documents/extra-carricular/blockchain/nft-maket-place/contracts/mrketPlace.sol
FN:45,notListed
FN:56,isOwner
FN:68,isListed
FN:95,listItem
FN:112,buyItem
FN:137,cancelItem
FN:150,updateItem
FN:156,withdrawProceed
FN:176,getListing
FN:183,getProceed
FNF:10
FNH:10
FNDA:13,notListed
FNDA:16,isOwner
FNDA:9,isListed
FNDA:11,listItem
FNDA:4,buyItem
FNDA:1,cancelItem
FNDA:3,updateItem
FNDA:2,withdrawProceed
FNDA:1,getListing
FNDA:3,getProceed
DA:50,13
DA:51,13
DA:52,1
DA:54,12
DA:61,16
DA:62,16
DA:63,16
DA:64,1
DA:66,15
DA:69,9
DA:70,9
DA:71,1
DA:73,8
DA:97,11
DA:98,1
DA:100,10
DA:101,10
DA:103,1
DA:105,9
DA:106,9
DA:113,4
DA:114,4
DA:115,1
DA:121,3
DA:122,3
DA:123,3
DA:128,3
DA:139,1
DA:140,1
DA:152,3
DA:153,3
DA:157,2
DA:158,2
DA:159,1
DA:161,1
DA:162,1
DA:163,1
DA:164,0
DA:180,1
DA:184,3
LF:40
LH:39
BRDA:51,1,0,1
BRDA:51,1,1,12
BRDA:63,2,0,1
BRDA:63,2,1,15
BRDA:70,3,0,1
BRDA:70,3,1,8
BRDA:94,4,0,12
BRDA:94,4,1,1
BRDA:95,5,0,11
BRDA:95,5,1,1
BRDA:97,6,0,1
BRDA:97,6,1,10
BRDA:101,7,0,1
BRDA:101,7,1,9
BRDA:112,8,0,4
BRDA:112,8,1,1
BRDA:114,9,0,1
BRDA:114,9,1,3
BRDA:136,10,0,1
BRDA:136,10,1,0
BRDA:137,11,0,1
BRDA:137,11,1,0
BRDA:149,12,0,3
BRDA:149,12,1,0
BRDA:150,13,0,3
BRDA:150,13,1,0
BRDA:158,14,0,1
BRDA:158,14,1,1
BRDA:163,15,0,0
BRDA:163,15,1,1
BRF:30
BRH:25
end_of_record
